2023-12-05 19:47:44.985 +00:00 [INF] Now listening on: http://[::]:5000
2023-12-05 19:47:45.003 +00:00 [INF] Application started. Press Ctrl+C to shut down.
2023-12-05 19:47:45.003 +00:00 [INF] Hosting environment: Development
2023-12-05 19:47:45.003 +00:00 [INF] Content root path: /home/ben/Programming/LedMatrixDepartureBoard/LedMatrixDepartureBoard
2023-12-05 19:47:51.012 +00:00 [WRN] Failed to determine the https port for redirect.
2023-12-05 19:47:51.031 +00:00 [ERR] An unhandled exception has occurred while executing the request.
System.InvalidOperationException: Cannot find the fallback endpoint specified by route values: { page: /_Host, area:  }.
   at Microsoft.AspNetCore.Mvc.RazorPages.Infrastructure.DynamicPageEndpointMatcherPolicy.ApplyAsync(HttpContext httpContext, CandidateSet candidates)
   at Microsoft.AspNetCore.Routing.Matching.DfaMatcher.SelectEndpointWithPoliciesAsync(HttpContext httpContext, IEndpointSelectorPolicy[] policies, CandidateSet candidateSet)
   at Microsoft.AspNetCore.Routing.EndpointRoutingMiddleware.<Invoke>g__AwaitMatch|8_1(EndpointRoutingMiddleware middleware, HttpContext httpContext, Task matchTask)
   at Microsoft.AspNetCore.Authorization.AuthorizationMiddleware.Invoke(HttpContext context)
   at Microsoft.AspNetCore.Authentication.AuthenticationMiddleware.Invoke(HttpContext context)
   at Microsoft.AspNetCore.Diagnostics.DeveloperExceptionPageMiddlewareImpl.Invoke(HttpContext context)
2023-12-05 19:47:54.682 +00:00 [INF] Application is shutting down...
2023-12-05 19:50:18.269 +00:00 [INF] Now listening on: http://[::]:5000
2023-12-05 19:50:18.287 +00:00 [INF] Application started. Press Ctrl+C to shut down.
2023-12-05 19:50:18.287 +00:00 [INF] Hosting environment: Development
2023-12-05 19:50:18.287 +00:00 [INF] Content root path: /home/ben/Programming/LedMatrixDepartureBoard/LedMatrixDepartureBoard
2023-12-05 19:50:20.081 +00:00 [WRN] Failed to determine the https port for redirect.
2023-12-05 19:50:27.835 +00:00 [INF] Application is shutting down...
2023-12-05 19:50:30.546 +00:00 [INF] Now listening on: http://[::]:5000
2023-12-05 19:50:30.564 +00:00 [INF] Application started. Press Ctrl+C to shut down.
2023-12-05 19:50:30.564 +00:00 [INF] Hosting environment: Development
2023-12-05 19:50:30.564 +00:00 [INF] Content root path: /home/ben/Programming/LedMatrixDepartureBoard/LedMatrixDepartureBoard
2023-12-05 19:50:32.118 +00:00 [WRN] Failed to determine the https port for redirect.
2023-12-05 19:52:00.266 +00:00 [INF] Application is shutting down...
2023-12-05 19:52:03.740 +00:00 [INF] Now listening on: http://[::]:5000
2023-12-05 19:52:03.758 +00:00 [INF] Application started. Press Ctrl+C to shut down.
2023-12-05 19:52:03.758 +00:00 [INF] Hosting environment: Development
2023-12-05 19:52:03.759 +00:00 [INF] Content root path: /home/ben/Programming/LedMatrixDepartureBoard/LedMatrixDepartureBoard
2023-12-05 19:52:05.527 +00:00 [WRN] Failed to determine the https port for redirect.
2023-12-05 19:52:17.782 +00:00 [INF] Application is shutting down...
2023-12-05 19:52:19.421 +00:00 [INF] Now listening on: http://[::]:5000
2023-12-05 19:52:19.438 +00:00 [INF] Application started. Press Ctrl+C to shut down.
2023-12-05 19:52:19.439 +00:00 [INF] Hosting environment: Development
2023-12-05 19:52:19.439 +00:00 [INF] Content root path: /home/ben/Programming/LedMatrixDepartureBoard/LedMatrixDepartureBoard
2023-12-05 19:52:20.832 +00:00 [WRN] Failed to determine the https port for redirect.
2023-12-05 19:53:08.881 +00:00 [INF] Application is shutting down...
2023-12-05 19:53:10.522 +00:00 [INF] Now listening on: http://[::]:5000
2023-12-05 19:53:10.539 +00:00 [INF] Application started. Press Ctrl+C to shut down.
2023-12-05 19:53:10.540 +00:00 [INF] Hosting environment: Development
2023-12-05 19:53:10.540 +00:00 [INF] Content root path: /home/ben/Programming/LedMatrixDepartureBoard/LedMatrixDepartureBoard
2023-12-05 19:53:11.498 +00:00 [WRN] Failed to determine the https port for redirect.
2023-12-05 19:53:11.510 +00:00 [ERR] An unhandled exception has occurred while executing the request.
Microsoft.AspNetCore.Routing.Matching.AmbiguousMatchException: The request matched multiple endpoints. Matches: 

/Index
/_Host
/_Host
   at Microsoft.AspNetCore.Routing.Matching.DefaultEndpointSelector.ReportAmbiguity(CandidateState[] candidateState)
   at Microsoft.AspNetCore.Routing.Matching.DefaultEndpointSelector.ProcessFinalCandidates(HttpContext httpContext, CandidateState[] candidateState)
   at Microsoft.AspNetCore.Routing.Matching.DefaultEndpointSelector.SelectAsync(HttpContext httpContext, CandidateSet candidateSet)
   at Microsoft.AspNetCore.Routing.Matching.DfaMatcher.SelectEndpointWithPoliciesAsync(HttpContext httpContext, IEndpointSelectorPolicy[] policies, CandidateSet candidateSet)
   at Microsoft.AspNetCore.Routing.EndpointRoutingMiddleware.<Invoke>g__AwaitMatch|8_1(EndpointRoutingMiddleware middleware, HttpContext httpContext, Task matchTask)
   at Microsoft.AspNetCore.Authorization.AuthorizationMiddleware.Invoke(HttpContext context)
   at Microsoft.AspNetCore.Authentication.AuthenticationMiddleware.Invoke(HttpContext context)
   at Microsoft.AspNetCore.Diagnostics.DeveloperExceptionPageMiddlewareImpl.Invoke(HttpContext context)
2023-12-05 19:53:12.836 +00:00 [ERR] An unhandled exception has occurred while executing the request.
Microsoft.AspNetCore.Routing.Matching.AmbiguousMatchException: The request matched multiple endpoints. Matches: 

/Index
/_Host
/_Host
   at Microsoft.AspNetCore.Routing.Matching.DefaultEndpointSelector.ReportAmbiguity(CandidateState[] candidateState)
   at Microsoft.AspNetCore.Routing.Matching.DefaultEndpointSelector.ProcessFinalCandidates(HttpContext httpContext, CandidateState[] candidateState)
   at Microsoft.AspNetCore.Routing.Matching.DefaultEndpointSelector.SelectAsync(HttpContext httpContext, CandidateSet candidateSet)
   at Microsoft.AspNetCore.Routing.Matching.DfaMatcher.SelectEndpointWithPoliciesAsync(HttpContext httpContext, IEndpointSelectorPolicy[] policies, CandidateSet candidateSet)
   at Microsoft.AspNetCore.Routing.EndpointRoutingMiddleware.<Invoke>g__AwaitMatch|8_1(EndpointRoutingMiddleware middleware, HttpContext httpContext, Task matchTask)
   at Microsoft.AspNetCore.Authorization.AuthorizationMiddleware.Invoke(HttpContext context)
   at Microsoft.AspNetCore.Authentication.AuthenticationMiddleware.Invoke(HttpContext context)
   at Microsoft.AspNetCore.Diagnostics.DeveloperExceptionPageMiddlewareImpl.Invoke(HttpContext context)
2023-12-05 19:53:13.322 +00:00 [ERR] An unhandled exception has occurred while executing the request.
Microsoft.AspNetCore.Routing.Matching.AmbiguousMatchException: The request matched multiple endpoints. Matches: 

/Index
/_Host
/_Host
   at Microsoft.AspNetCore.Routing.Matching.DefaultEndpointSelector.ReportAmbiguity(CandidateState[] candidateState)
   at Microsoft.AspNetCore.Routing.Matching.DefaultEndpointSelector.ProcessFinalCandidates(HttpContext httpContext, CandidateState[] candidateState)
   at Microsoft.AspNetCore.Routing.Matching.DefaultEndpointSelector.SelectAsync(HttpContext httpContext, CandidateSet candidateSet)
   at Microsoft.AspNetCore.Routing.Matching.DfaMatcher.SelectEndpointWithPoliciesAsync(HttpContext httpContext, IEndpointSelectorPolicy[] policies, CandidateSet candidateSet)
   at Microsoft.AspNetCore.Routing.EndpointRoutingMiddleware.<Invoke>g__AwaitMatch|8_1(EndpointRoutingMiddleware middleware, HttpContext httpContext, Task matchTask)
   at Microsoft.AspNetCore.Authorization.AuthorizationMiddleware.Invoke(HttpContext context)
   at Microsoft.AspNetCore.Authentication.AuthenticationMiddleware.Invoke(HttpContext context)
   at Microsoft.AspNetCore.Diagnostics.DeveloperExceptionPageMiddlewareImpl.Invoke(HttpContext context)
2023-12-05 19:53:13.680 +00:00 [ERR] An unhandled exception has occurred while executing the request.
Microsoft.AspNetCore.Routing.Matching.AmbiguousMatchException: The request matched multiple endpoints. Matches: 

/Index
/_Host
/_Host
   at Microsoft.AspNetCore.Routing.Matching.DefaultEndpointSelector.ReportAmbiguity(CandidateState[] candidateState)
   at Microsoft.AspNetCore.Routing.Matching.DefaultEndpointSelector.ProcessFinalCandidates(HttpContext httpContext, CandidateState[] candidateState)
   at Microsoft.AspNetCore.Routing.Matching.DefaultEndpointSelector.SelectAsync(HttpContext httpContext, CandidateSet candidateSet)
   at Microsoft.AspNetCore.Routing.Matching.DfaMatcher.SelectEndpointWithPoliciesAsync(HttpContext httpContext, IEndpointSelectorPolicy[] policies, CandidateSet candidateSet)
   at Microsoft.AspNetCore.Routing.EndpointRoutingMiddleware.<Invoke>g__AwaitMatch|8_1(EndpointRoutingMiddleware middleware, HttpContext httpContext, Task matchTask)
   at Microsoft.AspNetCore.Authorization.AuthorizationMiddleware.Invoke(HttpContext context)
   at Microsoft.AspNetCore.Authentication.AuthenticationMiddleware.Invoke(HttpContext context)
   at Microsoft.AspNetCore.Diagnostics.DeveloperExceptionPageMiddlewareImpl.Invoke(HttpContext context)
2023-12-05 19:53:14.024 +00:00 [ERR] An unhandled exception has occurred while executing the request.
Microsoft.AspNetCore.Routing.Matching.AmbiguousMatchException: The request matched multiple endpoints. Matches: 

/Index
/_Host
/_Host
   at Microsoft.AspNetCore.Routing.Matching.DefaultEndpointSelector.ReportAmbiguity(CandidateState[] candidateState)
   at Microsoft.AspNetCore.Routing.Matching.DefaultEndpointSelector.ProcessFinalCandidates(HttpContext httpContext, CandidateState[] candidateState)
   at Microsoft.AspNetCore.Routing.Matching.DefaultEndpointSelector.SelectAsync(HttpContext httpContext, CandidateSet candidateSet)
   at Microsoft.AspNetCore.Routing.Matching.DfaMatcher.SelectEndpointWithPoliciesAsync(HttpContext httpContext, IEndpointSelectorPolicy[] policies, CandidateSet candidateSet)
   at Microsoft.AspNetCore.Routing.EndpointRoutingMiddleware.<Invoke>g__AwaitMatch|8_1(EndpointRoutingMiddleware middleware, HttpContext httpContext, Task matchTask)
   at Microsoft.AspNetCore.Authorization.AuthorizationMiddleware.Invoke(HttpContext context)
   at Microsoft.AspNetCore.Authentication.AuthenticationMiddleware.Invoke(HttpContext context)
   at Microsoft.AspNetCore.Diagnostics.DeveloperExceptionPageMiddlewareImpl.Invoke(HttpContext context)
2023-12-05 19:53:58.299 +00:00 [INF] Application is shutting down...
2023-12-05 19:54:01.884 +00:00 [INF] Now listening on: http://[::]:5000
2023-12-05 19:54:01.901 +00:00 [INF] Application started. Press Ctrl+C to shut down.
2023-12-05 19:54:01.902 +00:00 [INF] Hosting environment: Development
2023-12-05 19:54:01.902 +00:00 [INF] Content root path: /home/ben/Programming/LedMatrixDepartureBoard/LedMatrixDepartureBoard
2023-12-05 19:54:04.973 +00:00 [WRN] Failed to determine the https port for redirect.
2023-12-05 19:54:04.984 +00:00 [ERR] An unhandled exception has occurred while executing the request.
Microsoft.AspNetCore.Routing.Matching.AmbiguousMatchException: The request matched multiple endpoints. Matches: 

/Index
/_Host
/_Host
   at Microsoft.AspNetCore.Routing.Matching.DefaultEndpointSelector.ReportAmbiguity(CandidateState[] candidateState)
   at Microsoft.AspNetCore.Routing.Matching.DefaultEndpointSelector.ProcessFinalCandidates(HttpContext httpContext, CandidateState[] candidateState)
   at Microsoft.AspNetCore.Routing.Matching.DefaultEndpointSelector.SelectAsync(HttpContext httpContext, CandidateSet candidateSet)
   at Microsoft.AspNetCore.Routing.Matching.DfaMatcher.SelectEndpointWithPoliciesAsync(HttpContext httpContext, IEndpointSelectorPolicy[] policies, CandidateSet candidateSet)
   at Microsoft.AspNetCore.Routing.EndpointRoutingMiddleware.<Invoke>g__AwaitMatch|8_1(EndpointRoutingMiddleware middleware, HttpContext httpContext, Task matchTask)
   at Microsoft.AspNetCore.Authorization.AuthorizationMiddleware.Invoke(HttpContext context)
   at Microsoft.AspNetCore.Authentication.AuthenticationMiddleware.Invoke(HttpContext context)
   at Microsoft.AspNetCore.Diagnostics.DeveloperExceptionPageMiddlewareImpl.Invoke(HttpContext context)
2023-12-05 19:54:06.276 +00:00 [ERR] An unhandled exception has occurred while executing the request.
Microsoft.AspNetCore.Routing.Matching.AmbiguousMatchException: The request matched multiple endpoints. Matches: 

/Index
/_Host
/_Host
   at Microsoft.AspNetCore.Routing.Matching.DefaultEndpointSelector.ReportAmbiguity(CandidateState[] candidateState)
   at Microsoft.AspNetCore.Routing.Matching.DefaultEndpointSelector.ProcessFinalCandidates(HttpContext httpContext, CandidateState[] candidateState)
   at Microsoft.AspNetCore.Routing.Matching.DefaultEndpointSelector.SelectAsync(HttpContext httpContext, CandidateSet candidateSet)
   at Microsoft.AspNetCore.Routing.Matching.DfaMatcher.SelectEndpointWithPoliciesAsync(HttpContext httpContext, IEndpointSelectorPolicy[] policies, CandidateSet candidateSet)
   at Microsoft.AspNetCore.Routing.EndpointRoutingMiddleware.<Invoke>g__AwaitMatch|8_1(EndpointRoutingMiddleware middleware, HttpContext httpContext, Task matchTask)
   at Microsoft.AspNetCore.Authorization.AuthorizationMiddleware.Invoke(HttpContext context)
   at Microsoft.AspNetCore.Authentication.AuthenticationMiddleware.Invoke(HttpContext context)
   at Microsoft.AspNetCore.Diagnostics.DeveloperExceptionPageMiddlewareImpl.Invoke(HttpContext context)
2023-12-05 19:54:07.675 +00:00 [INF] Application is shutting down...
2023-12-05 19:54:14.563 +00:00 [INF] Now listening on: http://[::]:5000
2023-12-05 19:54:14.581 +00:00 [INF] Application started. Press Ctrl+C to shut down.
2023-12-05 19:54:14.581 +00:00 [INF] Hosting environment: Development
2023-12-05 19:54:14.581 +00:00 [INF] Content root path: /home/ben/Programming/LedMatrixDepartureBoard/LedMatrixDepartureBoard
2023-12-05 19:54:16.760 +00:00 [WRN] Failed to determine the https port for redirect.
2023-12-05 19:54:16.772 +00:00 [ERR] An unhandled exception has occurred while executing the request.
System.InvalidOperationException: Cannot find the fallback endpoint specified by route values: { page: /_Host, area:  }.
   at Microsoft.AspNetCore.Mvc.RazorPages.Infrastructure.DynamicPageEndpointMatcherPolicy.ApplyAsync(HttpContext httpContext, CandidateSet candidates)
   at Microsoft.AspNetCore.Routing.Matching.DfaMatcher.SelectEndpointWithPoliciesAsync(HttpContext httpContext, IEndpointSelectorPolicy[] policies, CandidateSet candidateSet)
   at Microsoft.AspNetCore.Routing.EndpointRoutingMiddleware.<Invoke>g__AwaitMatch|8_1(EndpointRoutingMiddleware middleware, HttpContext httpContext, Task matchTask)
   at Microsoft.AspNetCore.Authorization.AuthorizationMiddleware.Invoke(HttpContext context)
   at Microsoft.AspNetCore.Authentication.AuthenticationMiddleware.Invoke(HttpContext context)
   at Microsoft.AspNetCore.Diagnostics.DeveloperExceptionPageMiddlewareImpl.Invoke(HttpContext context)
2023-12-05 19:54:17.736 +00:00 [ERR] An unhandled exception has occurred while executing the request.
System.InvalidOperationException: Cannot find the fallback endpoint specified by route values: { page: /_Host, area:  }.
   at Microsoft.AspNetCore.Mvc.RazorPages.Infrastructure.DynamicPageEndpointMatcherPolicy.ApplyAsync(HttpContext httpContext, CandidateSet candidates)
   at Microsoft.AspNetCore.Routing.Matching.DfaMatcher.SelectEndpointWithPoliciesAsync(HttpContext httpContext, IEndpointSelectorPolicy[] policies, CandidateSet candidateSet)
   at Microsoft.AspNetCore.Routing.EndpointRoutingMiddleware.<Invoke>g__AwaitMatch|8_1(EndpointRoutingMiddleware middleware, HttpContext httpContext, Task matchTask)
   at Microsoft.AspNetCore.Authorization.AuthorizationMiddleware.Invoke(HttpContext context)
   at Microsoft.AspNetCore.Authentication.AuthenticationMiddleware.Invoke(HttpContext context)
   at Microsoft.AspNetCore.Diagnostics.DeveloperExceptionPageMiddlewareImpl.Invoke(HttpContext context)
2023-12-05 19:54:19.836 +00:00 [ERR] An unhandled exception has occurred while executing the request.
System.InvalidOperationException: Cannot find the fallback endpoint specified by route values: { page: /_Host, area:  }.
   at Microsoft.AspNetCore.Mvc.RazorPages.Infrastructure.DynamicPageEndpointMatcherPolicy.ApplyAsync(HttpContext httpContext, CandidateSet candidates)
   at Microsoft.AspNetCore.Routing.Matching.DfaMatcher.SelectEndpointWithPoliciesAsync(HttpContext httpContext, IEndpointSelectorPolicy[] policies, CandidateSet candidateSet)
   at Microsoft.AspNetCore.Routing.EndpointRoutingMiddleware.<Invoke>g__AwaitMatch|8_1(EndpointRoutingMiddleware middleware, HttpContext httpContext, Task matchTask)
   at Microsoft.AspNetCore.Authorization.AuthorizationMiddleware.Invoke(HttpContext context)
   at Microsoft.AspNetCore.Authentication.AuthenticationMiddleware.Invoke(HttpContext context)
   at Microsoft.AspNetCore.Diagnostics.DeveloperExceptionPageMiddlewareImpl.Invoke(HttpContext context)
2023-12-05 19:54:50.967 +00:00 [INF] Application is shutting down...
2023-12-05 19:54:52.603 +00:00 [INF] Now listening on: http://[::]:5000
2023-12-05 19:54:52.620 +00:00 [INF] Application started. Press Ctrl+C to shut down.
2023-12-05 19:54:52.620 +00:00 [INF] Hosting environment: Development
2023-12-05 19:54:52.620 +00:00 [INF] Content root path: /home/ben/Programming/LedMatrixDepartureBoard/LedMatrixDepartureBoard
2023-12-05 19:54:53.444 +00:00 [WRN] Failed to determine the https port for redirect.
2023-12-05 19:54:53.456 +00:00 [ERR] An unhandled exception has occurred while executing the request.
Microsoft.AspNetCore.Routing.Matching.AmbiguousMatchException: The request matched multiple endpoints. Matches: 

/Index
/_Host
/_Host
   at Microsoft.AspNetCore.Routing.Matching.DefaultEndpointSelector.ReportAmbiguity(CandidateState[] candidateState)
   at Microsoft.AspNetCore.Routing.Matching.DefaultEndpointSelector.ProcessFinalCandidates(HttpContext httpContext, CandidateState[] candidateState)
   at Microsoft.AspNetCore.Routing.Matching.DefaultEndpointSelector.SelectAsync(HttpContext httpContext, CandidateSet candidateSet)
   at Microsoft.AspNetCore.Routing.Matching.DfaMatcher.SelectEndpointWithPoliciesAsync(HttpContext httpContext, IEndpointSelectorPolicy[] policies, CandidateSet candidateSet)
   at Microsoft.AspNetCore.Routing.EndpointRoutingMiddleware.<Invoke>g__AwaitMatch|8_1(EndpointRoutingMiddleware middleware, HttpContext httpContext, Task matchTask)
   at Microsoft.AspNetCore.Authorization.AuthorizationMiddleware.Invoke(HttpContext context)
   at Microsoft.AspNetCore.Authentication.AuthenticationMiddleware.Invoke(HttpContext context)
   at Microsoft.AspNetCore.Diagnostics.DeveloperExceptionPageMiddlewareImpl.Invoke(HttpContext context)
2023-12-05 19:55:28.327 +00:00 [INF] Application is shutting down...
2023-12-05 19:55:30.877 +00:00 [INF] Now listening on: http://[::]:5000
2023-12-05 19:55:30.892 +00:00 [INF] Application started. Press Ctrl+C to shut down.
2023-12-05 19:55:30.893 +00:00 [INF] Hosting environment: Development
2023-12-05 19:55:30.893 +00:00 [INF] Content root path: /home/ben/Programming/LedMatrixDepartureBoard/LedMatrixDepartureBoard
2023-12-05 19:55:33.088 +00:00 [WRN] Failed to determine the https port for redirect.
2023-12-05 19:55:43.884 +00:00 [INF] Application is shutting down...
2023-12-05 19:55:49.459 +00:00 [INF] Now listening on: http://[::]:5000
2023-12-05 19:55:49.478 +00:00 [INF] Application started. Press Ctrl+C to shut down.
2023-12-05 19:55:49.478 +00:00 [INF] Hosting environment: Development
2023-12-05 19:55:49.478 +00:00 [INF] Content root path: /home/ben/Programming/LedMatrixDepartureBoard/LedMatrixDepartureBoard
2023-12-05 19:55:51.663 +00:00 [WRN] Failed to determine the https port for redirect.
2023-12-05 19:57:53.710 +00:00 [INF] Application is shutting down...
2023-12-05 19:58:10.375 +00:00 [INF] Now listening on: http://[::]:5000
2023-12-05 19:58:10.392 +00:00 [INF] Application started. Press Ctrl+C to shut down.
2023-12-05 19:58:10.393 +00:00 [INF] Hosting environment: Development
2023-12-05 19:58:10.393 +00:00 [INF] Content root path: /home/ben/Programming/LedMatrixDepartureBoard/LedMatrixDepartureBoard
2023-12-05 19:58:12.409 +00:00 [WRN] Failed to determine the https port for redirect.
2023-12-05 19:58:37.293 +00:00 [INF] Application is shutting down...
2023-12-05 19:58:38.882 +00:00 [INF] Now listening on: http://[::]:5000
2023-12-05 19:58:38.899 +00:00 [INF] Application started. Press Ctrl+C to shut down.
2023-12-05 19:58:38.899 +00:00 [INF] Hosting environment: Development
2023-12-05 19:58:38.900 +00:00 [INF] Content root path: /home/ben/Programming/LedMatrixDepartureBoard/LedMatrixDepartureBoard
2023-12-05 19:58:40.342 +00:00 [WRN] Failed to determine the https port for redirect.
2023-12-05 19:59:51.835 +00:00 [INF] Application is shutting down...
2023-12-05 20:00:49.164 +00:00 [INF] Now listening on: http://[::]:5000
2023-12-05 20:00:49.181 +00:00 [INF] Application started. Press Ctrl+C to shut down.
2023-12-05 20:00:49.182 +00:00 [INF] Hosting environment: Development
2023-12-05 20:00:49.182 +00:00 [INF] Content root path: /home/ben/Programming/LedMatrixDepartureBoard/LedMatrixDepartureBoard
2023-12-05 20:00:51.430 +00:00 [WRN] Failed to determine the https port for redirect.
2023-12-05 20:00:58.748 +00:00 [INF] Application is shutting down...
2023-12-05 20:02:12.732 +00:00 [INF] Now listening on: http://[::]:5000
2023-12-05 20:02:12.749 +00:00 [INF] Application started. Press Ctrl+C to shut down.
2023-12-05 20:02:12.749 +00:00 [INF] Hosting environment: Development
2023-12-05 20:02:12.750 +00:00 [INF] Content root path: /home/ben/Programming/LedMatrixDepartureBoard/LedMatrixDepartureBoard
2023-12-05 20:02:16.071 +00:00 [WRN] Failed to determine the https port for redirect.
2023-12-05 20:02:28.706 +00:00 [INF] Application is shutting down...
2023-12-05 20:03:36.379 +00:00 [INF] Now listening on: http://[::]:5000
2023-12-05 20:03:36.397 +00:00 [INF] Application started. Press Ctrl+C to shut down.
2023-12-05 20:03:36.398 +00:00 [INF] Hosting environment: Development
2023-12-05 20:03:36.398 +00:00 [INF] Content root path: /home/ben/Programming/LedMatrixDepartureBoard/LedMatrixDepartureBoard
2023-12-05 20:03:37.846 +00:00 [WRN] Failed to determine the https port for redirect.
2023-12-05 20:04:07.325 +00:00 [INF] Application is shutting down...
2023-12-05 20:04:11.453 +00:00 [INF] Now listening on: http://[::]:5000
2023-12-05 20:04:11.471 +00:00 [INF] Application started. Press Ctrl+C to shut down.
2023-12-05 20:04:11.472 +00:00 [INF] Hosting environment: Development
2023-12-05 20:04:11.472 +00:00 [INF] Content root path: /home/ben/Programming/LedMatrixDepartureBoard/LedMatrixDepartureBoard
2023-12-05 20:04:13.671 +00:00 [WRN] Failed to determine the https port for redirect.
2023-12-05 20:05:08.857 +00:00 [INF] Application is shutting down...
2023-12-05 20:05:10.478 +00:00 [INF] Now listening on: http://[::]:5000
2023-12-05 20:05:10.494 +00:00 [INF] Application started. Press Ctrl+C to shut down.
2023-12-05 20:05:10.495 +00:00 [INF] Hosting environment: Development
2023-12-05 20:05:10.495 +00:00 [INF] Content root path: /home/ben/Programming/LedMatrixDepartureBoard/LedMatrixDepartureBoard
2023-12-05 20:05:13.394 +00:00 [WRN] Failed to determine the https port for redirect.
2023-12-05 20:06:17.944 +00:00 [INF] Application is shutting down...
2023-12-05 20:06:20.301 +00:00 [INF] Now listening on: http://[::]:5000
2023-12-05 20:06:20.318 +00:00 [INF] Application started. Press Ctrl+C to shut down.
2023-12-05 20:06:20.319 +00:00 [INF] Hosting environment: Development
2023-12-05 20:06:20.319 +00:00 [INF] Content root path: /home/ben/Programming/LedMatrixDepartureBoard/LedMatrixDepartureBoard
2023-12-05 20:06:24.189 +00:00 [WRN] Failed to determine the https port for redirect.
2023-12-05 20:06:56.188 +00:00 [INF] Application is shutting down...
2023-12-05 20:06:57.817 +00:00 [INF] Now listening on: http://[::]:5000
2023-12-05 20:06:57.835 +00:00 [INF] Application started. Press Ctrl+C to shut down.
2023-12-05 20:06:57.835 +00:00 [INF] Hosting environment: Development
2023-12-05 20:06:57.835 +00:00 [INF] Content root path: /home/ben/Programming/LedMatrixDepartureBoard/LedMatrixDepartureBoard
2023-12-05 20:07:02.405 +00:00 [WRN] Failed to determine the https port for redirect.
2023-12-05 20:09:36.761 +00:00 [INF] Application is shutting down...
2023-12-05 20:09:38.441 +00:00 [INF] Now listening on: http://[::]:5000
2023-12-05 20:09:38.458 +00:00 [INF] Application started. Press Ctrl+C to shut down.
2023-12-05 20:09:38.458 +00:00 [INF] Hosting environment: Development
2023-12-05 20:09:38.458 +00:00 [INF] Content root path: /home/ben/Programming/LedMatrixDepartureBoard/LedMatrixDepartureBoard
2023-12-05 20:09:39.412 +00:00 [WRN] Failed to determine the https port for redirect.
2023-12-05 20:09:47.747 +00:00 [INF] Application is shutting down...
2023-12-05 20:09:49.312 +00:00 [INF] Now listening on: http://[::]:5000
2023-12-05 20:09:49.330 +00:00 [INF] Application started. Press Ctrl+C to shut down.
2023-12-05 20:09:49.330 +00:00 [INF] Hosting environment: Development
2023-12-05 20:09:49.330 +00:00 [INF] Content root path: /home/ben/Programming/LedMatrixDepartureBoard/LedMatrixDepartureBoard
2023-12-05 20:09:50.779 +00:00 [WRN] Failed to determine the https port for redirect.
2023-12-05 20:10:29.416 +00:00 [INF] Application is shutting down...
2023-12-05 20:10:30.983 +00:00 [INF] Now listening on: http://[::]:5000
2023-12-05 20:10:31.001 +00:00 [INF] Application started. Press Ctrl+C to shut down.
2023-12-05 20:10:31.001 +00:00 [INF] Hosting environment: Development
2023-12-05 20:10:31.001 +00:00 [INF] Content root path: /home/ben/Programming/LedMatrixDepartureBoard/LedMatrixDepartureBoard
2023-12-05 20:10:35.460 +00:00 [WRN] Failed to determine the https port for redirect.
2023-12-05 20:14:00.152 +00:00 [INF] Application is shutting down...
2023-12-05 20:17:07.721 +00:00 [INF] Now listening on: http://[::]:5000
2023-12-05 20:17:07.738 +00:00 [INF] Application started. Press Ctrl+C to shut down.
2023-12-05 20:17:07.739 +00:00 [INF] Hosting environment: Development
2023-12-05 20:17:07.739 +00:00 [INF] Content root path: /home/ben/Programming/LedMatrixDepartureBoard/LedMatrixDepartureBoard
2023-12-05 20:17:09.698 +00:00 [WRN] Failed to determine the https port for redirect.
2023-12-05 20:20:02.466 +00:00 [INF] Application is shutting down...
2023-12-05 20:23:50.508 +00:00 [INF] Now listening on: http://[::]:5000
2023-12-05 20:23:50.525 +00:00 [INF] Application started. Press Ctrl+C to shut down.
2023-12-05 20:23:50.526 +00:00 [INF] Hosting environment: Development
2023-12-05 20:23:50.526 +00:00 [INF] Content root path: /home/ben/Programming/LedMatrixDepartureBoard/LedMatrixDepartureBoard
2023-12-05 20:23:52.980 +00:00 [WRN] Failed to determine the https port for redirect.
2023-12-05 20:24:24.377 +00:00 [INF] Application is shutting down...
2023-12-05 20:24:26.267 +00:00 [INF] Now listening on: http://[::]:5000
2023-12-05 20:24:26.284 +00:00 [INF] Application started. Press Ctrl+C to shut down.
2023-12-05 20:24:26.284 +00:00 [INF] Hosting environment: Development
2023-12-05 20:24:26.285 +00:00 [INF] Content root path: /home/ben/Programming/LedMatrixDepartureBoard/LedMatrixDepartureBoard
2023-12-05 20:24:28.501 +00:00 [WRN] Failed to determine the https port for redirect.
2023-12-05 20:29:03.886 +00:00 [INF] Application is shutting down...
2023-12-05 20:29:07.217 +00:00 [INF] Now listening on: http://[::]:5000
2023-12-05 20:29:07.239 +00:00 [INF] Application started. Press Ctrl+C to shut down.
2023-12-05 20:29:07.240 +00:00 [INF] Hosting environment: Development
2023-12-05 20:29:07.240 +00:00 [INF] Content root path: /home/ben/Programming/LedMatrixDepartureBoard/LedMatrixDepartureBoard
2023-12-05 20:29:10.325 +00:00 [WRN] Failed to determine the https port for redirect.
2023-12-05 20:30:15.413 +00:00 [INF] Application is shutting down...
2023-12-05 20:34:27.672 +00:00 [INF] Now listening on: http://[::]:5000
2023-12-05 20:34:27.689 +00:00 [INF] Application started. Press Ctrl+C to shut down.
2023-12-05 20:34:27.690 +00:00 [INF] Hosting environment: Development
2023-12-05 20:34:27.690 +00:00 [INF] Content root path: /home/ben/Programming/LedMatrixDepartureBoard/LedMatrixDepartureBoard
2023-12-05 20:34:31.285 +00:00 [WRN] Failed to determine the https port for redirect.
2023-12-05 20:36:02.376 +00:00 [INF] Application is shutting down...
2023-12-05 20:36:12.259 +00:00 [INF] Now listening on: http://[::]:5000
2023-12-05 20:36:12.276 +00:00 [INF] Application started. Press Ctrl+C to shut down.
2023-12-05 20:36:12.277 +00:00 [INF] Hosting environment: Development
2023-12-05 20:36:12.277 +00:00 [INF] Content root path: /home/ben/Programming/LedMatrixDepartureBoard/LedMatrixDepartureBoard
2023-12-05 20:36:13.520 +00:00 [WRN] Failed to determine the https port for redirect.
2023-12-05 20:37:47.161 +00:00 [INF] Application is shutting down...
2023-12-05 20:37:54.946 +00:00 [INF] Now listening on: http://[::]:5000
2023-12-05 20:37:54.973 +00:00 [INF] Application started. Press Ctrl+C to shut down.
2023-12-05 20:37:54.974 +00:00 [INF] Hosting environment: Development
2023-12-05 20:37:54.974 +00:00 [INF] Content root path: /home/ben/Programming/LedMatrixDepartureBoard/LedMatrixDepartureBoard
2023-12-05 20:37:57.616 +00:00 [WRN] Failed to determine the https port for redirect.
2023-12-05 20:38:57.487 +00:00 [INF] Now listening on: http://[::]:5000
2023-12-05 20:38:57.504 +00:00 [INF] Application started. Press Ctrl+C to shut down.
2023-12-05 20:38:57.505 +00:00 [INF] Hosting environment: Development
2023-12-05 20:38:57.505 +00:00 [INF] Content root path: /home/ben/Programming/LedMatrixDepartureBoard/LedMatrixDepartureBoard
2023-12-05 20:38:59.398 +00:00 [WRN] Failed to determine the https port for redirect.
2023-12-05 20:41:49.911 +00:00 [INF] Application is shutting down...
2023-12-05 20:44:30.079 +00:00 [INF] Now listening on: http://[::]:5000
2023-12-05 20:44:30.096 +00:00 [INF] Application started. Press Ctrl+C to shut down.
2023-12-05 20:44:30.096 +00:00 [INF] Hosting environment: Development
2023-12-05 20:44:30.097 +00:00 [INF] Content root path: /home/ben/Programming/LedMatrixDepartureBoard/LedMatrixDepartureBoard
2023-12-05 20:44:31.679 +00:00 [WRN] Failed to determine the https port for redirect.
2023-12-05 20:44:57.483 +00:00 [INF] Application is shutting down...
2023-12-05 20:45:04.768 +00:00 [INF] Now listening on: http://[::]:5000
2023-12-05 20:45:04.793 +00:00 [INF] Application started. Press Ctrl+C to shut down.
2023-12-05 20:45:04.793 +00:00 [INF] Hosting environment: Development
2023-12-05 20:45:04.793 +00:00 [INF] Content root path: /home/ben/Programming/LedMatrixDepartureBoard/LedMatrixDepartureBoard
2023-12-05 20:45:05.213 +00:00 [WRN] Failed to determine the https port for redirect.
2023-12-05 20:45:23.057 +00:00 [INF] Now listening on: http://[::]:5000
2023-12-05 20:45:23.075 +00:00 [INF] Application started. Press Ctrl+C to shut down.
2023-12-05 20:45:23.075 +00:00 [INF] Hosting environment: Development
2023-12-05 20:45:23.075 +00:00 [INF] Content root path: /home/ben/Programming/LedMatrixDepartureBoard/LedMatrixDepartureBoard
2023-12-05 20:45:24.723 +00:00 [WRN] Failed to determine the https port for redirect.
2023-12-05 20:45:43.767 +00:00 [INF] Application is shutting down...
2023-12-05 20:48:30.811 +00:00 [INF] Now listening on: http://[::]:5000
2023-12-05 20:48:30.828 +00:00 [INF] Application started. Press Ctrl+C to shut down.
2023-12-05 20:48:30.828 +00:00 [INF] Hosting environment: Development
2023-12-05 20:48:30.828 +00:00 [INF] Content root path: /home/ben/Programming/LedMatrixDepartureBoard/LedMatrixDepartureBoard
2023-12-05 20:48:33.461 +00:00 [WRN] Failed to determine the https port for redirect.
2023-12-05 20:52:23.792 +00:00 [INF] Application is shutting down...
2023-12-05 20:52:35.018 +00:00 [INF] Now listening on: http://[::]:5000
2023-12-05 20:52:35.036 +00:00 [INF] Application started. Press Ctrl+C to shut down.
2023-12-05 20:52:35.036 +00:00 [INF] Hosting environment: Development
2023-12-05 20:52:35.036 +00:00 [INF] Content root path: /home/ben/Programming/LedMatrixDepartureBoard/LedMatrixDepartureBoard
2023-12-05 20:52:37.222 +00:00 [WRN] Failed to determine the https port for redirect.
2023-12-05 20:52:48.607 +00:00 [INF] Application is shutting down...
2023-12-05 20:52:52.801 +00:00 [INF] Now listening on: http://[::]:5000
2023-12-05 20:52:52.818 +00:00 [INF] Application started. Press Ctrl+C to shut down.
2023-12-05 20:52:52.818 +00:00 [INF] Hosting environment: Development
2023-12-05 20:52:52.818 +00:00 [INF] Content root path: /home/ben/Programming/LedMatrixDepartureBoard/LedMatrixDepartureBoard
2023-12-05 20:52:54.760 +00:00 [WRN] Failed to determine the https port for redirect.
2023-12-05 20:52:57.992 +00:00 [WRN] Unhandled exception rendering component: InvalidCharacterError: Failed to execute 'setAttribute' on 'Element': '@Visible' is not a valid attribute name.
System.InvalidOperationException: InvalidCharacterError: Failed to execute 'setAttribute' on 'Element': '@Visible' is not a valid attribute name.
   at Microsoft.AspNetCore.Components.RenderTree.Renderer.InvokeRenderCompletedCallsAfterUpdateDisplayTask(Task updateDisplayTask, Int32[] updatedComponents)
2023-12-05 20:52:58.001 +00:00 [ERR] Unhandled exception in circuit 'LjJYgNsk99il9n4r1idXNYyACNeqq2tZ1bBAOOG4Kfk'.
System.AggregateException: One or more errors occurred. (InvalidCharacterError: Failed to execute 'setAttribute' on 'Element': '@Visible' is not a valid attribute name.)
 ---> System.InvalidOperationException: InvalidCharacterError: Failed to execute 'setAttribute' on 'Element': '@Visible' is not a valid attribute name.
   at Microsoft.AspNetCore.Components.RenderTree.Renderer.InvokeRenderCompletedCallsAfterUpdateDisplayTask(Task updateDisplayTask, Int32[] updatedComponents)
   --- End of inner exception stack trace ---
2023-12-05 20:53:04.085 +00:00 [INF] Application is shutting down...
2023-12-05 20:57:18.834 +00:00 [INF] Now listening on: http://[::]:5000
2023-12-05 20:57:18.851 +00:00 [INF] Application started. Press Ctrl+C to shut down.
2023-12-05 20:57:18.852 +00:00 [INF] Hosting environment: Development
2023-12-05 20:57:18.852 +00:00 [INF] Content root path: /home/ben/Programming/LedMatrixDepartureBoard/LedMatrixDepartureBoard
2023-12-05 20:57:20.258 +00:00 [INF] Application is shutting down...
2023-12-05 21:21:13.576 +00:00 [WRN] No XML encryptor configured. Key {1999a603-5df0-4398-b40b-bc2e1a795f7b} may be persisted to storage in unencrypted form.
2023-12-05 21:21:13.625 +00:00 [INF] Now listening on: http://[::]:5000
2023-12-05 21:21:13.626 +00:00 [INF] Application started. Press Ctrl+C to shut down.
2023-12-05 21:21:13.626 +00:00 [INF] Hosting environment: Development
2023-12-05 21:21:13.626 +00:00 [INF] Content root path: /home/ben/Programming/LedMatrixDepartureBoard/LedMatrixDepartureBoard
2023-12-05 21:22:11.837 +00:00 [INF] Application is shutting down...
2023-12-05 21:22:13.513 +00:00 [INF] Now listening on: http://[::]:5000
2023-12-05 21:22:13.530 +00:00 [INF] Application started. Press Ctrl+C to shut down.
2023-12-05 21:22:13.530 +00:00 [INF] Hosting environment: Development
2023-12-05 21:22:13.530 +00:00 [INF] Content root path: /home/ben/Programming/LedMatrixDepartureBoard/LedMatrixDepartureBoard
2023-12-05 21:22:48.763 +00:00 [INF] Application is shutting down...
2023-12-05 21:22:50.431 +00:00 [INF] Now listening on: http://[::]:5000
2023-12-05 21:22:50.450 +00:00 [INF] Application started. Press Ctrl+C to shut down.
2023-12-05 21:22:50.450 +00:00 [INF] Hosting environment: Development
2023-12-05 21:22:50.450 +00:00 [INF] Content root path: /home/ben/Programming/LedMatrixDepartureBoard/LedMatrixDepartureBoard
2023-12-05 21:23:29.854 +00:00 [INF] Application is shutting down...
2023-12-06 19:14:05.588 +00:00 [INF] Start processing HTTP request GET https://api.leddepartureboard.com/api/LiveDepartures/GetLatestDepaturesSingleBoard?stationCode=BLY
2023-12-06 19:14:05.608 +00:00 [INF] Sending HTTP request GET https://api.leddepartureboard.com/api/LiveDepartures/GetLatestDepaturesSingleBoard?stationCode=BLY
2023-12-06 19:14:05.637 +00:00 [INF] Now listening on: http://[::]:5000
2023-12-06 19:14:05.638 +00:00 [INF] Application started. Press Ctrl+C to shut down.
2023-12-06 19:14:05.638 +00:00 [INF] Hosting environment: Development
2023-12-06 19:14:05.638 +00:00 [INF] Content root path: /home/ben/Programming/LedMatrixDepartureBoard/LedMatrixDepartureBoard
2023-12-06 19:14:05.921 +00:00 [INF] Received HTTP response headers after 310.7615ms - 200
2023-12-06 19:14:05.923 +00:00 [INF] End processing HTTP request after 340.8157ms - 200
2023-12-06 19:14:18.668 +00:00 [INF] Start processing HTTP request GET https://api.leddepartureboard.com/api/StationLookup
2023-12-06 19:14:18.669 +00:00 [INF] Sending HTTP request GET https://api.leddepartureboard.com/api/StationLookup
2023-12-06 19:14:18.716 +00:00 [INF] Received HTTP response headers after 47.4239ms - 200
2023-12-06 19:14:18.716 +00:00 [INF] End processing HTTP request after 48.2923ms - 200
2023-12-06 19:14:25.965 +00:00 [INF] Start processing HTTP request GET https://api.leddepartureboard.com/api/LiveDepartures/GetLatestDepaturesSingleBoard?stationCode=BLY
2023-12-06 19:14:25.965 +00:00 [INF] Sending HTTP request GET https://api.leddepartureboard.com/api/LiveDepartures/GetLatestDepaturesSingleBoard?stationCode=BLY
2023-12-06 19:14:26.129 +00:00 [INF] Received HTTP response headers after 164.194ms - 200
2023-12-06 19:14:26.129 +00:00 [INF] End processing HTTP request after 164.6854ms - 200
2023-12-06 19:14:46.129 +00:00 [INF] Start processing HTTP request GET https://api.leddepartureboard.com/api/LiveDepartures/GetLatestDepaturesSingleBoard?stationCode=BLY
2023-12-06 19:14:46.129 +00:00 [INF] Sending HTTP request GET https://api.leddepartureboard.com/api/LiveDepartures/GetLatestDepaturesSingleBoard?stationCode=BLY
2023-12-06 19:14:46.286 +00:00 [INF] Received HTTP response headers after 156.9728ms - 200
2023-12-06 19:14:46.286 +00:00 [INF] End processing HTTP request after 157.4326ms - 200
2023-12-06 19:14:46.330 +00:00 [INF] Application is shutting down...
2023-12-06 19:14:50.071 +00:00 [INF] Start processing HTTP request GET https://api.leddepartureboard.com/api/LiveDepartures/GetLatestDepaturesSingleBoard?stationCode=BLY
2023-12-06 19:14:50.096 +00:00 [INF] Sending HTTP request GET https://api.leddepartureboard.com/api/LiveDepartures/GetLatestDepaturesSingleBoard?stationCode=BLY
2023-12-06 19:14:50.123 +00:00 [INF] Now listening on: http://[::]:5000
2023-12-06 19:14:50.124 +00:00 [INF] Application started. Press Ctrl+C to shut down.
2023-12-06 19:14:50.124 +00:00 [INF] Hosting environment: Development
2023-12-06 19:14:50.124 +00:00 [INF] Content root path: /home/ben/Programming/LedMatrixDepartureBoard/LedMatrixDepartureBoard
2023-12-06 19:14:50.371 +00:00 [INF] Received HTTP response headers after 273.6585ms - 200
2023-12-06 19:14:50.374 +00:00 [INF] End processing HTTP request after 310.6647ms - 200
2023-12-06 19:14:52.664 +00:00 [INF] Start processing HTTP request GET https://api.leddepartureboard.com/api/StationLookup
2023-12-06 19:14:52.664 +00:00 [INF] Sending HTTP request GET https://api.leddepartureboard.com/api/StationLookup
2023-12-06 19:14:52.699 +00:00 [ERR] An unhandled exception has occurred while executing the request.
System.InvalidOperationException: Unsupported type System.Boolean
   at Blazorise.Slider`1.FormatValueAsString(TValue value)
   at Blazorise.BaseInputComponent`1.get_CurrentValueAsString()
   at Blazorise.Slider`1.BuildRenderTree(RenderTreeBuilder __builder)
   at Microsoft.AspNetCore.Components.Rendering.ComponentState.RenderIntoBatch(RenderBatchBuilder batchBuilder, RenderFragment renderFragment, Exception& renderFragmentException)
--- End of stack trace from previous location ---
   at Microsoft.AspNetCore.Components.RenderTree.Renderer.ProcessRenderQueue()
--- End of stack trace from previous location ---
   at Microsoft.AspNetCore.Components.RenderTree.Renderer.ProcessRenderQueue()
   at Microsoft.AspNetCore.Components.RenderTree.Renderer.AddToRenderQueue(Int32 componentId, RenderFragment renderFragment)
   at Microsoft.AspNetCore.Components.ComponentBase.StateHasChanged()
   at Microsoft.AspNetCore.Components.ComponentBase.CallOnParametersSetAsync()
   at Microsoft.AspNetCore.Components.ComponentBase.RunInitAndSetParametersAsync()
   at Microsoft.AspNetCore.Components.Rendering.ComponentState.SetDirectParameters(ParameterView parameters)
   at Microsoft.AspNetCore.Components.RenderTree.Renderer.RenderRootComponentAsync(Int32 componentId, ParameterView initialParameters)
   at Microsoft.AspNetCore.Components.Rendering.HtmlRenderer.RenderComponentAsync(Type componentType, ParameterView initialParameters)
   at Microsoft.AspNetCore.Components.Rendering.RendererSynchronizationContext.<>c__11`1.<<InvokeAsync>b__11_0>d.MoveNext()
--- End of stack trace from previous location ---
   at Microsoft.AspNetCore.Mvc.ViewFeatures.StaticComponentRenderer.PrerenderComponentAsync(ParameterView parameters, HttpContext httpContext, Type componentType)
   at Microsoft.AspNetCore.Mvc.ViewFeatures.ComponentRenderer.PrerenderedServerComponentAsync(HttpContext context, ServerComponentInvocationSequence invocationId, Type type, ParameterView parametersCollection)
   at Microsoft.AspNetCore.Mvc.ViewFeatures.ComponentRenderer.RenderComponentAsync(ViewContext viewContext, Type componentType, RenderMode renderMode, Object parameters)
   at Microsoft.AspNetCore.Mvc.TagHelpers.ComponentTagHelper.ProcessAsync(TagHelperContext context, TagHelperOutput output)
   at Microsoft.AspNetCore.Razor.Runtime.TagHelpers.TagHelperRunner.<RunAsync>g__Awaited|0_0(Task task, TagHelperExecutionContext executionContext, Int32 i, Int32 count)
   at LedMatrixDepartureBoard.Pages.Pages__Host.<ExecuteAsync>b__14_1() in /home/ben/Programming/LedMatrixDepartureBoard/LedMatrixDepartureBoard/Pages/_Host.cshtml:line 22
   at Microsoft.AspNetCore.Razor.Runtime.TagHelpers.TagHelperExecutionContext.SetOutputContentAsync()
   at LedMatrixDepartureBoard.Pages.Pages__Host.ExecuteAsync()
   at Microsoft.AspNetCore.Mvc.Razor.RazorView.RenderPageCoreAsync(IRazorPage page, ViewContext context)
   at Microsoft.AspNetCore.Mvc.Razor.RazorView.RenderPageAsync(IRazorPage page, ViewContext context, Boolean invokeViewStarts)
   at Microsoft.AspNetCore.Mvc.Razor.RazorView.RenderAsync(ViewContext context)
   at Microsoft.AspNetCore.Mvc.ViewFeatures.ViewExecutor.ExecuteAsync(ViewContext viewContext, String contentType, Nullable`1 statusCode)
   at Microsoft.AspNetCore.Mvc.ViewFeatures.ViewExecutor.ExecuteAsync(ViewContext viewContext, String contentType, Nullable`1 statusCode)
   at Microsoft.AspNetCore.Mvc.Infrastructure.ResourceInvoker.<InvokeResultAsync>g__Logged|22_0(ResourceInvoker invoker, IActionResult result)
   at Microsoft.AspNetCore.Mvc.Infrastructure.ResourceInvoker.<InvokeNextResultFilterAsync>g__Awaited|30_0[TFilter,TFilterAsync](ResourceInvoker invoker, Task lastTask, State next, Scope scope, Object state, Boolean isCompleted)
   at Microsoft.AspNetCore.Mvc.Infrastructure.ResourceInvoker.Rethrow(ResultExecutedContextSealed context)
   at Microsoft.AspNetCore.Mvc.Infrastructure.ResourceInvoker.ResultNext[TFilter,TFilterAsync](State& next, Scope& scope, Object& state, Boolean& isCompleted)
   at Microsoft.AspNetCore.Mvc.Infrastructure.ResourceInvoker.InvokeResultFilters()
--- End of stack trace from previous location ---
   at Microsoft.AspNetCore.Mvc.Infrastructure.ResourceInvoker.<InvokeNextResourceFilter>g__Awaited|25_0(ResourceInvoker invoker, Task lastTask, State next, Scope scope, Object state, Boolean isCompleted)
   at Microsoft.AspNetCore.Mvc.Infrastructure.ResourceInvoker.Rethrow(ResourceExecutedContextSealed context)
   at Microsoft.AspNetCore.Mvc.Infrastructure.ResourceInvoker.Next(State& next, Scope& scope, Object& state, Boolean& isCompleted)
   at Microsoft.AspNetCore.Mvc.Infrastructure.ResourceInvoker.InvokeFilterPipelineAsync()
--- End of stack trace from previous location ---
   at Microsoft.AspNetCore.Mvc.Infrastructure.ResourceInvoker.<InvokeAsync>g__Logged|17_1(ResourceInvoker invoker)
   at Microsoft.AspNetCore.Mvc.Infrastructure.ResourceInvoker.<InvokeAsync>g__Logged|17_1(ResourceInvoker invoker)
   at Microsoft.AspNetCore.Routing.EndpointMiddleware.<Invoke>g__AwaitRequestTask|6_0(Endpoint endpoint, Task requestTask, ILogger logger)
   at Microsoft.AspNetCore.Diagnostics.ExceptionHandlerMiddlewareImpl.<Invoke>g__Awaited|8_0(ExceptionHandlerMiddlewareImpl middleware, HttpContext context, Task task)
2023-12-06 19:14:52.710 +00:00 [INF] Received HTTP response headers after 45.3945ms - 200
2023-12-06 19:14:52.719 +00:00 [INF] End processing HTTP request after 55.4884ms - 200
2023-12-06 19:15:08.600 +00:00 [INF] Application is shutting down...
2023-12-06 19:15:10.353 +00:00 [INF] Start processing HTTP request GET https://api.leddepartureboard.com/api/LiveDepartures/GetLatestDepaturesSingleBoard?stationCode=BLY
2023-12-06 19:15:10.371 +00:00 [INF] Sending HTTP request GET https://api.leddepartureboard.com/api/LiveDepartures/GetLatestDepaturesSingleBoard?stationCode=BLY
2023-12-06 19:15:10.395 +00:00 [INF] Now listening on: http://[::]:5000
2023-12-06 19:15:10.396 +00:00 [INF] Application started. Press Ctrl+C to shut down.
2023-12-06 19:15:10.396 +00:00 [INF] Hosting environment: Development
2023-12-06 19:15:10.396 +00:00 [INF] Content root path: /home/ben/Programming/LedMatrixDepartureBoard/LedMatrixDepartureBoard
2023-12-06 19:15:10.618 +00:00 [INF] Received HTTP response headers after 244.9715ms - 200
2023-12-06 19:15:10.620 +00:00 [INF] End processing HTTP request after 273.7752ms - 200
2023-12-06 19:15:15.517 +00:00 [INF] Start processing HTTP request GET https://api.leddepartureboard.com/api/StationLookup
2023-12-06 19:15:15.517 +00:00 [INF] Sending HTTP request GET https://api.leddepartureboard.com/api/StationLookup
2023-12-06 19:15:15.550 +00:00 [ERR] An unhandled exception has occurred while executing the request.
System.InvalidOperationException: Unsupported type System.Boolean
   at Blazorise.Slider`1.FormatValueAsString(TValue value)
   at Blazorise.BaseInputComponent`1.get_CurrentValueAsString()
   at Blazorise.Slider`1.BuildRenderTree(RenderTreeBuilder __builder)
   at Microsoft.AspNetCore.Components.Rendering.ComponentState.RenderIntoBatch(RenderBatchBuilder batchBuilder, RenderFragment renderFragment, Exception& renderFragmentException)
--- End of stack trace from previous location ---
   at Microsoft.AspNetCore.Components.RenderTree.Renderer.ProcessRenderQueue()
--- End of stack trace from previous location ---
   at Microsoft.AspNetCore.Components.RenderTree.Renderer.ProcessRenderQueue()
   at Microsoft.AspNetCore.Components.RenderTree.Renderer.AddToRenderQueue(Int32 componentId, RenderFragment renderFragment)
   at Microsoft.AspNetCore.Components.ComponentBase.StateHasChanged()
   at Microsoft.AspNetCore.Components.ComponentBase.CallOnParametersSetAsync()
   at Microsoft.AspNetCore.Components.ComponentBase.RunInitAndSetParametersAsync()
   at Microsoft.AspNetCore.Components.Rendering.ComponentState.SetDirectParameters(ParameterView parameters)
   at Microsoft.AspNetCore.Components.RenderTree.Renderer.RenderRootComponentAsync(Int32 componentId, ParameterView initialParameters)
   at Microsoft.AspNetCore.Components.Rendering.HtmlRenderer.RenderComponentAsync(Type componentType, ParameterView initialParameters)
   at Microsoft.AspNetCore.Components.Rendering.RendererSynchronizationContext.<>c__11`1.<<InvokeAsync>b__11_0>d.MoveNext()
--- End of stack trace from previous location ---
   at Microsoft.AspNetCore.Mvc.ViewFeatures.StaticComponentRenderer.PrerenderComponentAsync(ParameterView parameters, HttpContext httpContext, Type componentType)
   at Microsoft.AspNetCore.Mvc.ViewFeatures.ComponentRenderer.PrerenderedServerComponentAsync(HttpContext context, ServerComponentInvocationSequence invocationId, Type type, ParameterView parametersCollection)
   at Microsoft.AspNetCore.Mvc.ViewFeatures.ComponentRenderer.RenderComponentAsync(ViewContext viewContext, Type componentType, RenderMode renderMode, Object parameters)
   at Microsoft.AspNetCore.Mvc.TagHelpers.ComponentTagHelper.ProcessAsync(TagHelperContext context, TagHelperOutput output)
   at Microsoft.AspNetCore.Razor.Runtime.TagHelpers.TagHelperRunner.<RunAsync>g__Awaited|0_0(Task task, TagHelperExecutionContext executionContext, Int32 i, Int32 count)
   at LedMatrixDepartureBoard.Pages.Pages__Host.<ExecuteAsync>b__14_1() in /home/ben/Programming/LedMatrixDepartureBoard/LedMatrixDepartureBoard/Pages/_Host.cshtml:line 22
   at Microsoft.AspNetCore.Razor.Runtime.TagHelpers.TagHelperExecutionContext.SetOutputContentAsync()
   at LedMatrixDepartureBoard.Pages.Pages__Host.ExecuteAsync()
   at Microsoft.AspNetCore.Mvc.Razor.RazorView.RenderPageCoreAsync(IRazorPage page, ViewContext context)
   at Microsoft.AspNetCore.Mvc.Razor.RazorView.RenderPageAsync(IRazorPage page, ViewContext context, Boolean invokeViewStarts)
   at Microsoft.AspNetCore.Mvc.Razor.RazorView.RenderAsync(ViewContext context)
   at Microsoft.AspNetCore.Mvc.ViewFeatures.ViewExecutor.ExecuteAsync(ViewContext viewContext, String contentType, Nullable`1 statusCode)
   at Microsoft.AspNetCore.Mvc.ViewFeatures.ViewExecutor.ExecuteAsync(ViewContext viewContext, String contentType, Nullable`1 statusCode)
   at Microsoft.AspNetCore.Mvc.Infrastructure.ResourceInvoker.<InvokeResultAsync>g__Logged|22_0(ResourceInvoker invoker, IActionResult result)
   at Microsoft.AspNetCore.Mvc.Infrastructure.ResourceInvoker.<InvokeNextResultFilterAsync>g__Awaited|30_0[TFilter,TFilterAsync](ResourceInvoker invoker, Task lastTask, State next, Scope scope, Object state, Boolean isCompleted)
   at Microsoft.AspNetCore.Mvc.Infrastructure.ResourceInvoker.Rethrow(ResultExecutedContextSealed context)
   at Microsoft.AspNetCore.Mvc.Infrastructure.ResourceInvoker.ResultNext[TFilter,TFilterAsync](State& next, Scope& scope, Object& state, Boolean& isCompleted)
   at Microsoft.AspNetCore.Mvc.Infrastructure.ResourceInvoker.InvokeResultFilters()
--- End of stack trace from previous location ---
   at Microsoft.AspNetCore.Mvc.Infrastructure.ResourceInvoker.<InvokeNextResourceFilter>g__Awaited|25_0(ResourceInvoker invoker, Task lastTask, State next, Scope scope, Object state, Boolean isCompleted)
   at Microsoft.AspNetCore.Mvc.Infrastructure.ResourceInvoker.Rethrow(ResourceExecutedContextSealed context)
   at Microsoft.AspNetCore.Mvc.Infrastructure.ResourceInvoker.Next(State& next, Scope& scope, Object& state, Boolean& isCompleted)
   at Microsoft.AspNetCore.Mvc.Infrastructure.ResourceInvoker.InvokeFilterPipelineAsync()
--- End of stack trace from previous location ---
   at Microsoft.AspNetCore.Mvc.Infrastructure.ResourceInvoker.<InvokeAsync>g__Logged|17_1(ResourceInvoker invoker)
   at Microsoft.AspNetCore.Mvc.Infrastructure.ResourceInvoker.<InvokeAsync>g__Logged|17_1(ResourceInvoker invoker)
   at Microsoft.AspNetCore.Routing.EndpointMiddleware.<Invoke>g__AwaitRequestTask|6_0(Endpoint endpoint, Task requestTask, ILogger logger)
   at Microsoft.AspNetCore.Diagnostics.ExceptionHandlerMiddlewareImpl.<Invoke>g__Awaited|8_0(ExceptionHandlerMiddlewareImpl middleware, HttpContext context, Task task)
2023-12-06 19:15:15.560 +00:00 [INF] Received HTTP response headers after 42.2552ms - 200
2023-12-06 19:15:15.560 +00:00 [INF] End processing HTTP request after 43.0502ms - 200
2023-12-06 19:15:30.657 +00:00 [INF] Start processing HTTP request GET https://api.leddepartureboard.com/api/LiveDepartures/GetLatestDepaturesSingleBoard?stationCode=BLY
2023-12-06 19:15:30.657 +00:00 [INF] Sending HTTP request GET https://api.leddepartureboard.com/api/LiveDepartures/GetLatestDepaturesSingleBoard?stationCode=BLY
2023-12-06 19:15:30.844 +00:00 [INF] Received HTTP response headers after 186.7042ms - 200
2023-12-06 19:15:30.844 +00:00 [INF] End processing HTTP request after 187.1576ms - 200
2023-12-06 19:15:50.844 +00:00 [INF] Start processing HTTP request GET https://api.leddepartureboard.com/api/LiveDepartures/GetLatestDepaturesSingleBoard?stationCode=BLY
2023-12-06 19:15:50.844 +00:00 [INF] Sending HTTP request GET https://api.leddepartureboard.com/api/LiveDepartures/GetLatestDepaturesSingleBoard?stationCode=BLY
2023-12-06 19:15:51.047 +00:00 [INF] Received HTTP response headers after 202.1546ms - 200
2023-12-06 19:15:51.047 +00:00 [INF] End processing HTTP request after 202.8445ms - 200
2023-12-06 19:16:11.044 +00:00 [INF] Start processing HTTP request GET https://api.leddepartureboard.com/api/LiveDepartures/GetLatestDepaturesSingleBoard?stationCode=BLY
2023-12-06 19:16:11.044 +00:00 [INF] Sending HTTP request GET https://api.leddepartureboard.com/api/LiveDepartures/GetLatestDepaturesSingleBoard?stationCode=BLY
2023-12-06 19:16:11.195 +00:00 [INF] Received HTTP response headers after 151.1037ms - 200
2023-12-06 19:16:11.196 +00:00 [INF] End processing HTTP request after 151.5278ms - 200
2023-12-06 19:16:31.197 +00:00 [INF] Start processing HTTP request GET https://api.leddepartureboard.com/api/LiveDepartures/GetLatestDepaturesSingleBoard?stationCode=BLY
2023-12-06 19:16:31.197 +00:00 [INF] Sending HTTP request GET https://api.leddepartureboard.com/api/LiveDepartures/GetLatestDepaturesSingleBoard?stationCode=BLY
2023-12-06 19:16:31.344 +00:00 [INF] Received HTTP response headers after 147.29ms - 200
2023-12-06 19:16:31.344 +00:00 [INF] End processing HTTP request after 147.7763ms - 200
2023-12-06 19:16:43.828 +00:00 [INF] Application is shutting down...
2023-12-06 19:16:55.015 +00:00 [INF] Start processing HTTP request GET https://api.leddepartureboard.com/api/LiveDepartures/GetLatestDepaturesSingleBoard?stationCode=BLY
2023-12-06 19:16:55.034 +00:00 [INF] Sending HTTP request GET https://api.leddepartureboard.com/api/LiveDepartures/GetLatestDepaturesSingleBoard?stationCode=BLY
2023-12-06 19:16:55.060 +00:00 [INF] Now listening on: http://[::]:5000
2023-12-06 19:16:55.061 +00:00 [INF] Application started. Press Ctrl+C to shut down.
2023-12-06 19:16:55.062 +00:00 [INF] Hosting environment: Development
2023-12-06 19:16:55.062 +00:00 [INF] Content root path: /home/ben/Programming/LedMatrixDepartureBoard/LedMatrixDepartureBoard
2023-12-06 19:16:55.330 +00:00 [INF] Received HTTP response headers after 294.2994ms - 200
2023-12-06 19:16:55.333 +00:00 [INF] End processing HTTP request after 323.3592ms - 200
2023-12-06 19:16:56.784 +00:00 [INF] Start processing HTTP request GET https://api.leddepartureboard.com/api/StationLookup
2023-12-06 19:16:56.784 +00:00 [INF] Sending HTTP request GET https://api.leddepartureboard.com/api/StationLookup
2023-12-06 19:16:56.825 +00:00 [INF] Received HTTP response headers after 40.9812ms - 200
2023-12-06 19:16:56.825 +00:00 [INF] End processing HTTP request after 41.8777ms - 200
2023-12-06 19:17:15.366 +00:00 [INF] Start processing HTTP request GET https://api.leddepartureboard.com/api/LiveDepartures/GetLatestDepaturesSingleBoard?stationCode=BLY
2023-12-06 19:17:15.366 +00:00 [INF] Sending HTTP request GET https://api.leddepartureboard.com/api/LiveDepartures/GetLatestDepaturesSingleBoard?stationCode=BLY
2023-12-06 19:17:15.610 +00:00 [INF] Received HTTP response headers after 244.0514ms - 200
2023-12-06 19:17:15.610 +00:00 [INF] End processing HTTP request after 244.57ms - 200
2023-12-06 19:17:35.616 +00:00 [INF] Start processing HTTP request GET https://api.leddepartureboard.com/api/LiveDepartures/GetLatestDepaturesSingleBoard?stationCode=BLY
2023-12-06 19:17:35.616 +00:00 [INF] Sending HTTP request GET https://api.leddepartureboard.com/api/LiveDepartures/GetLatestDepaturesSingleBoard?stationCode=BLY
2023-12-06 19:17:35.766 +00:00 [INF] Received HTTP response headers after 149.5126ms - 200
2023-12-06 19:17:35.766 +00:00 [INF] End processing HTTP request after 149.9867ms - 200
2023-12-06 19:17:55.768 +00:00 [INF] Start processing HTTP request GET https://api.leddepartureboard.com/api/LiveDepartures/GetLatestDepaturesSingleBoard?stationCode=BLY
2023-12-06 19:17:55.768 +00:00 [INF] Sending HTTP request GET https://api.leddepartureboard.com/api/LiveDepartures/GetLatestDepaturesSingleBoard?stationCode=BLY
2023-12-06 19:17:55.924 +00:00 [INF] Received HTTP response headers after 155.7297ms - 200
2023-12-06 19:17:55.924 +00:00 [INF] End processing HTTP request after 156.2905ms - 200
2023-12-06 19:18:15.924 +00:00 [INF] Start processing HTTP request GET https://api.leddepartureboard.com/api/LiveDepartures/GetLatestDepaturesSingleBoard?stationCode=BLY
2023-12-06 19:18:15.924 +00:00 [INF] Sending HTTP request GET https://api.leddepartureboard.com/api/LiveDepartures/GetLatestDepaturesSingleBoard?stationCode=BLY
2023-12-06 19:18:16.092 +00:00 [INF] Received HTTP response headers after 167.5778ms - 200
2023-12-06 19:18:16.092 +00:00 [INF] End processing HTTP request after 168.2116ms - 200
2023-12-06 19:18:36.092 +00:00 [INF] Start processing HTTP request GET https://api.leddepartureboard.com/api/LiveDepartures/GetLatestDepaturesSingleBoard?stationCode=BLY
2023-12-06 19:18:36.092 +00:00 [INF] Sending HTTP request GET https://api.leddepartureboard.com/api/LiveDepartures/GetLatestDepaturesSingleBoard?stationCode=BLY
2023-12-06 19:18:36.289 +00:00 [INF] Received HTTP response headers after 195.9539ms - 200
2023-12-06 19:18:36.289 +00:00 [INF] End processing HTTP request after 196.4402ms - 200
2023-12-06 19:18:56.288 +00:00 [INF] Start processing HTTP request GET https://api.leddepartureboard.com/api/LiveDepartures/GetLatestDepaturesSingleBoard?stationCode=BLY
2023-12-06 19:18:56.288 +00:00 [INF] Sending HTTP request GET https://api.leddepartureboard.com/api/LiveDepartures/GetLatestDepaturesSingleBoard?stationCode=BLY
2023-12-06 19:18:56.476 +00:00 [INF] Received HTTP response headers after 187.698ms - 200
2023-12-06 19:18:56.476 +00:00 [INF] End processing HTTP request after 188.0337ms - 200
2023-12-06 19:19:16.476 +00:00 [INF] Start processing HTTP request GET https://api.leddepartureboard.com/api/LiveDepartures/GetLatestDepaturesSingleBoard?stationCode=BLY
2023-12-06 19:19:16.476 +00:00 [INF] Sending HTTP request GET https://api.leddepartureboard.com/api/LiveDepartures/GetLatestDepaturesSingleBoard?stationCode=BLY
2023-12-06 19:19:16.687 +00:00 [INF] Received HTTP response headers after 210.8102ms - 200
2023-12-06 19:19:16.687 +00:00 [INF] End processing HTTP request after 211.1867ms - 200
2023-12-06 19:19:36.692 +00:00 [INF] Start processing HTTP request GET https://api.leddepartureboard.com/api/LiveDepartures/GetLatestDepaturesSingleBoard?stationCode=BLY
2023-12-06 19:19:36.692 +00:00 [INF] Sending HTTP request GET https://api.leddepartureboard.com/api/LiveDepartures/GetLatestDepaturesSingleBoard?stationCode=BLY
2023-12-06 19:19:36.844 +00:00 [INF] Received HTTP response headers after 152.4236ms - 200
2023-12-06 19:19:36.845 +00:00 [INF] End processing HTTP request after 152.7795ms - 200
2023-12-06 19:19:56.845 +00:00 [INF] Start processing HTTP request GET https://api.leddepartureboard.com/api/LiveDepartures/GetLatestDepaturesSingleBoard?stationCode=BLY
2023-12-06 19:19:56.846 +00:00 [INF] Sending HTTP request GET https://api.leddepartureboard.com/api/LiveDepartures/GetLatestDepaturesSingleBoard?stationCode=BLY
2023-12-06 19:19:57.020 +00:00 [INF] Received HTTP response headers after 174.0936ms - 200
2023-12-06 19:19:57.020 +00:00 [INF] End processing HTTP request after 174.6215ms - 200
2023-12-06 19:20:17.022 +00:00 [INF] Start processing HTTP request GET https://api.leddepartureboard.com/api/LiveDepartures/GetLatestDepaturesSingleBoard?stationCode=BLY
2023-12-06 19:20:17.022 +00:00 [INF] Sending HTTP request GET https://api.leddepartureboard.com/api/LiveDepartures/GetLatestDepaturesSingleBoard?stationCode=BLY
2023-12-06 19:20:17.213 +00:00 [INF] Received HTTP response headers after 190.8712ms - 200
2023-12-06 19:20:17.213 +00:00 [INF] End processing HTTP request after 191.1305ms - 200
2023-12-06 19:20:37.213 +00:00 [INF] Start processing HTTP request GET https://api.leddepartureboard.com/api/LiveDepartures/GetLatestDepaturesSingleBoard?stationCode=BBN
2023-12-06 19:20:37.213 +00:00 [INF] Sending HTTP request GET https://api.leddepartureboard.com/api/LiveDepartures/GetLatestDepaturesSingleBoard?stationCode=BBN
2023-12-06 19:20:37.394 +00:00 [INF] Received HTTP response headers after 180.3006ms - 200
2023-12-06 19:20:37.394 +00:00 [INF] End processing HTTP request after 180.6219ms - 200
2023-12-06 19:20:57.393 +00:00 [INF] Start processing HTTP request GET https://api.leddepartureboard.com/api/LiveDepartures/GetLatestDepaturesSingleBoard?stationCode=BBN
2023-12-06 19:20:57.393 +00:00 [INF] Sending HTTP request GET https://api.leddepartureboard.com/api/LiveDepartures/GetLatestDepaturesSingleBoard?stationCode=BBN
2023-12-06 19:20:57.541 +00:00 [INF] Received HTTP response headers after 147.4143ms - 200
2023-12-06 19:20:57.541 +00:00 [INF] End processing HTTP request after 147.7166ms - 200
2023-12-06 19:20:59.344 +00:00 [INF] Application is shutting down...
2023-12-06 19:21:13.414 +00:00 [INF] Start processing HTTP request GET https://api.leddepartureboard.com/api/LiveDepartures/GetLatestDepaturesSingleBoard?stationCode=BBN
2023-12-06 19:21:13.434 +00:00 [INF] Sending HTTP request GET https://api.leddepartureboard.com/api/LiveDepartures/GetLatestDepaturesSingleBoard?stationCode=BBN
2023-12-06 19:21:13.457 +00:00 [INF] Now listening on: http://[::]:5000
2023-12-06 19:21:13.458 +00:00 [INF] Application started. Press Ctrl+C to shut down.
2023-12-06 19:21:13.458 +00:00 [INF] Hosting environment: Development
2023-12-06 19:21:13.459 +00:00 [INF] Content root path: /home/ben/Programming/LedMatrixDepartureBoard/LedMatrixDepartureBoard
2023-12-06 19:21:13.685 +00:00 [INF] Received HTTP response headers after 249.1955ms - 200
2023-12-06 19:21:13.687 +00:00 [INF] End processing HTTP request after 278.4084ms - 200
2023-12-06 19:21:14.990 +00:00 [INF] Start processing HTTP request GET https://api.leddepartureboard.com/api/StationLookup
2023-12-06 19:21:14.990 +00:00 [INF] Sending HTTP request GET https://api.leddepartureboard.com/api/StationLookup
2023-12-06 19:21:15.034 +00:00 [INF] Received HTTP response headers after 43.861ms - 200
2023-12-06 19:21:15.034 +00:00 [INF] End processing HTTP request after 44.7709ms - 200
2023-12-06 19:21:17.834 +00:00 [INF] Start processing HTTP request GET https://api.leddepartureboard.com/api/LiveDepartures/GetLatestDepaturesSingleBoard?stationCode=BBN
2023-12-06 19:21:17.834 +00:00 [INF] Sending HTTP request GET https://api.leddepartureboard.com/api/LiveDepartures/GetLatestDepaturesSingleBoard?stationCode=BBN
2023-12-06 19:21:17.964 +00:00 [INF] Received HTTP response headers after 129.6704ms - 200
2023-12-06 19:21:17.964 +00:00 [INF] End processing HTTP request after 130.2198ms - 200
2023-12-06 19:21:33.728 +00:00 [INF] Start processing HTTP request GET https://api.leddepartureboard.com/api/LiveDepartures/GetLatestDepaturesSingleBoard?stationCode=BBN
2023-12-06 19:21:33.728 +00:00 [INF] Sending HTTP request GET https://api.leddepartureboard.com/api/LiveDepartures/GetLatestDepaturesSingleBoard?stationCode=BBN
2023-12-06 19:21:33.853 +00:00 [INF] Received HTTP response headers after 124.8034ms - 200
2023-12-06 19:21:33.853 +00:00 [INF] End processing HTTP request after 125.3068ms - 200
2023-12-06 19:21:37.968 +00:00 [INF] Start processing HTTP request GET https://api.leddepartureboard.com/api/LiveDepartures/GetLatestDepaturesSingleBoard?stationCode=BBN
2023-12-06 19:21:37.968 +00:00 [INF] Sending HTTP request GET https://api.leddepartureboard.com/api/LiveDepartures/GetLatestDepaturesSingleBoard?stationCode=BBN
2023-12-06 19:21:38.111 +00:00 [INF] Received HTTP response headers after 142.525ms - 200
2023-12-06 19:21:38.111 +00:00 [INF] End processing HTTP request after 143.0201ms - 200
2023-12-06 19:21:53.857 +00:00 [INF] Start processing HTTP request GET https://api.leddepartureboard.com/api/LiveDepartures/GetLatestDepaturesSingleBoard?stationCode=EVE
2023-12-06 19:21:53.857 +00:00 [INF] Sending HTTP request GET https://api.leddepartureboard.com/api/LiveDepartures/GetLatestDepaturesSingleBoard?stationCode=EVE
2023-12-06 19:21:54.006 +00:00 [INF] Received HTTP response headers after 149.1535ms - 200
2023-12-06 19:21:54.006 +00:00 [INF] End processing HTTP request after 149.699ms - 200
2023-12-06 19:21:58.108 +00:00 [INF] Start processing HTTP request GET https://api.leddepartureboard.com/api/LiveDepartures/GetLatestDepaturesSingleBoard?stationCode=EVE
2023-12-06 19:21:58.108 +00:00 [INF] Sending HTTP request GET https://api.leddepartureboard.com/api/LiveDepartures/GetLatestDepaturesSingleBoard?stationCode=EVE
2023-12-06 19:21:58.239 +00:00 [INF] Received HTTP response headers after 131.2146ms - 200
2023-12-06 19:21:58.239 +00:00 [INF] End processing HTTP request after 131.6409ms - 200
2023-12-06 19:21:58.359 +00:00 [INF] Application is shutting down...
2023-12-06 20:04:45.058 +00:00 [INF] Now listening on: http://[::]:5000
2023-12-06 20:04:45.075 +00:00 [INF] Application started. Press Ctrl+C to shut down.
2023-12-06 20:04:45.075 +00:00 [INF] Hosting environment: Development
2023-12-06 20:04:45.075 +00:00 [INF] Content root path: /home/ben/Programming/LedMatrixDepartureBoard/LedMatrixDepartureBoard
2023-12-06 20:05:06.014 +00:00 [INF] Application is shutting down...
2023-12-06 20:06:52.224 +00:00 [INF] Now listening on: http://[::]:5000
2023-12-06 20:06:52.242 +00:00 [INF] Application started. Press Ctrl+C to shut down.
2023-12-06 20:06:52.242 +00:00 [INF] Hosting environment: Development
2023-12-06 20:06:52.242 +00:00 [INF] Content root path: /home/ben/Programming/LedMatrixDepartureBoard/LedMatrixDepartureBoard
2023-12-06 20:09:54.658 +00:00 [INF] Application is shutting down...
2023-12-06 20:11:23.245 +00:00 [INF] Now listening on: http://[::]:5000
2023-12-06 20:11:23.263 +00:00 [INF] Application started. Press Ctrl+C to shut down.
2023-12-06 20:11:23.263 +00:00 [INF] Hosting environment: Development
2023-12-06 20:11:23.263 +00:00 [INF] Content root path: /home/ben/Programming/LedMatrixDepartureBoard/LedMatrixDepartureBoard
2023-12-06 20:12:22.643 +00:00 [INF] Application is shutting down...
